<?xml version="1.0" encoding="UTF-8"?>
<testng-results ignored="0" total="1" passed="1" failed="0" skipped="0">
  <reporter-output>
  </reporter-output>
  <suite started-at="2021-02-01T05:32:33Z" name="Default suite" finished-at="2021-02-01T05:33:29Z" duration-ms="56368">
    <groups>
    </groups>
    <test started-at="2021-02-01T05:32:33Z" name="Default test" finished-at="2021-02-01T05:33:29Z" duration-ms="56368">
      <class name="com.rms.ui.test.TravelTest">
        <test-method is-config="true" signature="init()[pri:0, instance:com.rms.ui.test.TravelTest@49e5f737]" started-at="2021-01-31T21:32:33Z" name="init" finished-at="2021-01-31T21:32:35Z" duration-ms="2354" status="PASS">
          <reporter-output>
          </reporter-output>
        </test-method> <!-- init -->
        <test-method signature="bookTravel()[pri:0, instance:com.rms.ui.test.TravelTest@49e5f737]" started-at="2021-01-31T21:32:35Z" name="bookTravel" finished-at="2021-01-31T21:33:29Z" duration-ms="53817" status="PASS">
          <reporter-output>
          </reporter-output>
        </test-method> <!-- bookTravel -->
        <test-method is-config="true" signature="cleanUp()[pri:0, instance:com.rms.ui.test.TravelTest@49e5f737]" started-at="2021-01-31T21:33:29Z" name="cleanUp" finished-at="2021-01-31T21:33:29Z" duration-ms="185" status="PASS">
          <reporter-output>
          </reporter-output>
        </test-method> <!-- cleanUp -->
      </class> <!-- com.rms.ui.test.TravelTest -->
    </test> <!-- Default test -->
  </suite> <!-- Default suite -->
</testng-results>
